Criterios IA respuesta: [
    {'coordinates': [1, 1], 'criterion': 'fondo de edificios altos y modernos'},
    {'coordinates': [1, 2], 'criterion': 'persona sentada con una pierna levantada'},
    {'coordinates': [1, 3], 'criterion': 'mirada relajada y confiada'},
    {'coordinates': [2, 1], 'criterion': 'sudadera gris con diseño gráfico'},
    {'coordinates': [2, 2], 'criterion': 'pantalones cortos claros'},
    {'coordinates': [2, 3], 'criterion': 'calzado blanco y limpio'},
    {'coordinates': [3, 1], 'criterion': 'entorno urbano con personas al fondo'},
    {'coordinates': [3, 2], 'criterion': 'accesorios de moda, gafas de sol'},
    {'coordinates': [3, 3], 'criterion': 'iluminación brillante del día'}
]
Respuesta IA corregida: [
    {"coordinates": [1, 1], "criterion": "fondo de edificios altos y modernos"},
    {"coordinates": [1, 2], "criterion": "persona sentada con una pierna levantada"},
    {"coordinates": [1, 3], "criterion": "mirada relajada y confiada"},
    {"coordinates": [2, 1], "criterion": "sudadera gris con diseño gráfico"},
    {"coordinates": [2, 2], "criterion": "pantalones cortos claros"},
    {"coordinates": [2, 3], "criterion": "calzado blanco y limpio"},
    {"coordinates": [3, 1], "criterion": "entorno urbano con personas al fondo"},
    {"coordinates": [3, 2], "criterion": "accesorios de moda, gafas de sol"},
    {"coordinates": [3, 3], "criterion": "iluminación brillante del día"}
]
Criterios obtenidos tras procesamiento: Region: 1,1;1,2;1,3;2,1;2,2;2,3;3,1;3,2;3,3 | Criterio: fondo de edificios altos y modernos, persona sentada con una pierna levantada, mirada relajada y confiada, sudadera gris con diseño gráfico, pantalones cortos claros, calzado blanco y limpio, entorno urbano con personas al fondo, accesorios de moda, gafas de sol, iluminación brillante del día
Criterios IA respuesta: [
    {'coordinates': [1, 1], 'criterion': 'fondo de arquitectura con columnas y esculturas'},
    {'coordinates': [1, 2], 'criterion': 'persona caminando con actitud contemplativa'},
    {'coordinates': [1, 3], 'criterion': 'esculturas clásicas visibles en el entorno'},
    {'coordinates': [2, 1], 'criterion': 'camisa blanca, ligeramente abierta'},
    {'coordinates': [2, 2], 'criterion': 'pantalones beige de corte moderno'},
    {'coordinates': [2, 3], 'criterion': 'reloj visible en la muñeca'},
    {'coordinates': [3, 1], 'criterion': 'suelo decorado con mosaico elegantemente diseñado'},
    {'coordinates': [3, 2], 'criterion': 'iluminación suave que resalta el espacio'},
    {'coordinates': [3, 3], 'criterion': 'ambiente cultural y artístico marcado'}
]
Respuesta IA corregida: [
    {"coordinates": [1, 1], "criterion": "fondo de arquitectura con columnas y esculturas"},
    {"coordinates": [1, 2], "criterion": "persona caminando con actitud contemplativa"},
    {"coordinates": [1, 3], "criterion": "esculturas clásicas visibles en el entorno"},
    {"coordinates": [2, 1], "criterion": "camisa blanca, ligeramente abierta"},
    {"coordinates": [2, 2], "criterion": "pantalones beige de corte moderno"},
    {"coordinates": [2, 3], "criterion": "reloj visible en la muñeca"},
    {"coordinates": [3, 1], "criterion": "suelo decorado con mosaico elegantemente diseñado"},
    {"coordinates": [3, 2], "criterion": "iluminación suave que resalta el espacio"},
    {"coordinates": [3, 3], "criterion": "ambiente cultural y artístico marcado"}
]
Criterios obtenidos tras procesamiento: Region: 1,1;1,2;1,3;2,1;2,2;2,3;3,1;3,2;3,3 | Criterio: fondo de arquitectura con columnas y esculturas, persona caminando con actitud contemplativa, esculturas clásicas visibles en el entorno, camisa blanca, ligeramente abierta, pantalones beige de corte moderno, reloj visible en la muñeca, suelo decorado con mosaico elegantemente diseñado, iluminación suave que resalta el espacio, ambiente cultural y artístico marcado
Criterios IA respuesta: [
    {'coordinates': [1, 1], 'criterion': 'cielo azul con nubes dispersas'},
    {'coordinates': [1, 2], 'criterion': 'persona levantando la mano hacia el sol'},
    {'coordinates': [1, 3], 'criterion': 'gafas grandes que reflejan luz'},
    {'coordinates': [2, 1], 'criterion': 'camiseta blanca con texto sutil'},
    {'coordinates': [2, 2], 'criterion': 'falda roja con puntos blancos'},
    {'coordinates': [2, 3], 'criterion': 'accesorios visibles, pendientes grandes'},
    {'coordinates': [3, 1], 'criterion': 'fondo de palmeras y entorno tropical'},
    {'coordinates': [3, 2], 'criterion': 'iluminación cálida destacando el sujeto'},
    {'coordinates': [3, 3], 'criterion': 'posición erguida y segura'}
]
Respuesta IA corregida: [
    {"coordinates": [1, 1], "criterion": "cielo azul con nubes dispersas"},
    {"coordinates": [1, 2], "criterion": "persona levantando la mano hacia el sol"},
    {"coordinates": [1, 3], "criterion": "gafas grandes que reflejan luz"},
    {"coordinates": [2, 1], "criterion": "camiseta blanca con texto sutil"},
    {"coordinates": [2, 2], "criterion": "falda roja con puntos blancos"},
    {"coordinates": [2, 3], "criterion": "accesorios visibles, pendientes grandes"},
    {"coordinates": [3, 1], "criterion": "fondo de palmeras y entorno tropical"},
    {"coordinates": [3, 2], "criterion": "iluminación cálida destacando el sujeto"},
    {"coordinates": [3, 3], "criterion": "posición erguida y segura"}
]
Criterios obtenidos tras procesamiento: Region: 1,1;1,2;1,3;2,1;2,2;2,3;3,1;3,2;3,3 | Criterio: cielo azul con nubes dispersas, persona levantando la mano hacia el sol, gafas grandes que reflejan luz, camiseta blanca con texto sutil, falda roja con puntos blancos, accesorios visibles, pendientes grandes, fondo de palmeras y entorno tropical, iluminación cálida destacando el sujeto, posición erguida y segura
Criterios IA respuesta: [
    {'coordinates': [1, 1], 'criterion': 'suelo de color oscuro y pulido'},
    {'coordinates': [1, 2], 'criterion': 'persona sentada con piernas cruzadas'},
    {'coordinates': [1, 3], 'criterion': 'mirada hacia abajo con expresión relajada'},
    {'coordinates': [2, 1], 'criterion': 'ropa holgada de tonos oscuros'},
    {'coordinates': [2, 2], 'criterion': 'gorra con diseño visible'},
    {'coordinates': [2, 3], 'criterion': 'collares y anillos como accesorios'},
    {'coordinates': [3, 1], 'criterion': 'calzado deportivo de estilo moderno'},
    {'coordinates': [3, 2], 'criterion': 'teléfono en la mano reflejando luz'},
    {'coordinates': [3, 3], 'criterion': 'ambiente minimalista y contemporáneo'}
]
Respuesta IA corregida: [
    {"coordinates": [1, 1], "criterion": "suelo de color oscuro y pulido"},
    {"coordinates": [1, 2], "criterion": "persona sentada con piernas cruzadas"},
    {"coordinates": [1, 3], "criterion": "mirada hacia abajo con expresión relajada"},
    {"coordinates": [2, 1], "criterion": "ropa holgada de tonos oscuros"},
    {"coordinates": [2, 2], "criterion": "gorra con diseño visible"},
    {"coordinates": [2, 3], "criterion": "collares y anillos como accesorios"},
    {"coordinates": [3, 1], "criterion": "calzado deportivo de estilo moderno"},
    {"coordinates": [3, 2], "criterion": "teléfono en la mano reflejando luz"},
    {"coordinates": [3, 3], "criterion": "ambiente minimalista y contemporáneo"}
]
Criterios obtenidos tras procesamiento: Region: 1,1;1,2;1,3;2,1;2,2;2,3;3,1;3,2;3,3 | Criterio: suelo de color oscuro y pulido, persona sentada con piernas cruzadas, mirada hacia abajo con expresión relajada, ropa holgada de tonos oscuros, gorra con diseño visible, collares y anillos como accesorios, calzado deportivo de estilo moderno, teléfono en la mano reflejando luz, ambiente minimalista y contemporáneo
